Sun Oct  7 19:22:57 2018 - *** Starting uWSGI 2.0.17 (64bit) on [Sun Oct  7 19:22:57 2018] ***
Sun Oct  7 19:22:57 2018 - compiled with version: 4.9.2 on 22 August 2018 14:44:37
Sun Oct  7 19:22:57 2018 - os: Linux-4.9.99-paas-19432d5 #1 SMP PREEMPT Wed May 9 10:56:43 CEST 2018
Sun Oct  7 19:22:57 2018 - nodename: test-server
Sun Oct  7 19:22:57 2018 - machine: x86_64
Sun Oct  7 19:22:57 2018 - clock source: unix
Sun Oct  7 19:22:57 2018 - detected number of CPU cores: 48
Sun Oct  7 19:22:57 2018 - current working directory: /srv/data/home
Sun Oct  7 19:22:57 2018 - writing pidfile to /srv/run/uwsgi/uwsgi.pid
Sun Oct  7 19:22:57 2018 - detected binary path: /opt/uwsgi-2.0.17-201808221548/uwsgi
Sun Oct  7 19:22:57 2018 - !!! no internal routing support, rebuild with pcre support !!!
Sun Oct  7 19:22:57 2018 - chdir() to /srv/data/web/vhosts/default
Sun Oct  7 19:22:57 2018 - your processes number limit is 515256
Sun Oct  7 19:22:57 2018 - your memory page size is 4096 bytes
Sun Oct  7 19:22:57 2018 - detected max file descriptor number: 1024
Sun Oct  7 19:22:57 2018 - lock engine: pthread robust mutexes
Sun Oct  7 19:22:57 2018 - thunder lock: disabled (you can enable it with --thunder-lock)
Sun Oct  7 19:22:57 2018 - uwsgi socket 0 bound to UNIX address /run/uwsgi/uwsgi.sock fd 3
Sun Oct  7 19:22:57 2018 - uwsgi socket 1 bound to TCP address 127.0.0.1:8080 fd 4
Sun Oct  7 19:22:57 2018 - Python version: 2.7.12 (default, Aug 22 2018, 201808221)  [GCC 4.9.2]
Sun Oct  7 19:22:58 2018 - *** Python threads support is disabled. You can enable it with --enable-threads ***
Sun Oct  7 19:22:58 2018 - Python main interpreter initialized at 0x1ad0b40
Sun Oct  7 19:22:58 2018 - your server socket listen backlog is limited to 100 connections
Sun Oct  7 19:22:58 2018 - your mercy for graceful operations on workers is 60 seconds
Sun Oct  7 19:22:58 2018 - mapped 218760 bytes (213 KB) for 2 cores
Sun Oct  7 19:22:58 2018 - *** Operational MODE: preforking ***
Sun Oct  7 19:22:58 2018 - WSGI app 0 (mountpoint='') ready in 0 seconds on interpreter 0x1ad0b40 pid: 85 (default app)
Sun Oct  7 19:22:58 2018 - *** uWSGI is running in multiple interpreter mode ***
Sun Oct  7 19:22:58 2018 - spawned uWSGI master process (pid: 85)
Sun Oct  7 19:22:58 2018 - spawned uWSGI worker 1 (pid: 158, cores: 1)
Sun Oct  7 19:22:58 2018 - spawned uWSGI worker 2 (pid: 159, cores: 1)
Sun Oct  7 19:30:59 2018 - ...gracefully killing workers...
Sun Oct  7 19:30:59 2018 - Gracefully killing worker 2 (pid: 159)...
Sun Oct  7 19:30:59 2018 - Gracefully killing worker 1 (pid: 158)...
Sun Oct  7 19:31:00 2018 - worker 1 buried after 1 seconds
Sun Oct  7 19:31:00 2018 - worker 2 buried after 1 seconds
Sun Oct  7 19:31:00 2018 - binary reloading uWSGI...
Sun Oct  7 19:31:00 2018 - chdir() to /srv/data/home
Sun Oct  7 19:31:00 2018 - closing all non-uwsgi socket fds > 2 (max_fd = 1024)...
Sun Oct  7 19:31:00 2018 - found fd 3 mapped to socket 0 (/run/uwsgi/uwsgi.sock)
Sun Oct  7 19:31:00 2018 - found fd 4 mapped to socket 1 (127.0.0.1:8080)
Sun Oct  7 19:31:00 2018 - running /opt/uwsgi-2.0.17-201808221548/uwsgi
[uWSGI] getting INI configuration from /srv/data/.config/uwsgi/uwsgi.ini
[uWSGI] getting INI configuration from /srv/admin/configs/uwsgi/base/uwsgi.ini
[uWSGI] getting INI configuration from /srv/admin/configs/uwsgi/base/python2.7.ini
[uWSGI] getting INI configuration from /srv/admin/configs/uwsgi/base/python.ini
Sun Oct  7 19:31:00 2018 - *** Starting uWSGI 2.0.17 (64bit) on [Sun Oct  7 19:31:00 2018] ***
Sun Oct  7 19:31:00 2018 - compiled with version: 4.9.2 on 22 August 2018 14:44:37
Sun Oct  7 19:31:00 2018 - os: Linux-4.9.99-paas-19432d5 #1 SMP PREEMPT Wed May 9 10:56:43 CEST 2018
Sun Oct  7 19:31:00 2018 - nodename: test-server
Sun Oct  7 19:31:00 2018 - machine: x86_64
Sun Oct  7 19:31:00 2018 - clock source: unix
Sun Oct  7 19:31:00 2018 - detected number of CPU cores: 48
Sun Oct  7 19:31:00 2018 - current working directory: /srv/data/home
Sun Oct  7 19:31:00 2018 - detected binary path: /opt/uwsgi-2.0.17-201808221548/uwsgi
Sun Oct  7 19:31:00 2018 - !!! no internal routing support, rebuild with pcre support !!!
Sun Oct  7 19:31:00 2018 - chdir() to /srv/data/web/vhosts/default
Sun Oct  7 19:31:00 2018 - your processes number limit is 515256
Sun Oct  7 19:31:00 2018 - your memory page size is 4096 bytes
Sun Oct  7 19:31:00 2018 - detected max file descriptor number: 1024
Sun Oct  7 19:31:00 2018 - lock engine: pthread robust mutexes
Sun Oct  7 19:31:00 2018 - thunder lock: disabled (you can enable it with --thunder-lock)
Sun Oct  7 19:31:00 2018 - uwsgi socket 0 inherited UNIX address /run/uwsgi/uwsgi.sock fd 3
Sun Oct  7 19:31:00 2018 - uwsgi socket 1 inherited INET address 127.0.0.1:8080 fd 4
Sun Oct  7 19:31:00 2018 - Python version: 2.7.12 (default, Aug 22 2018, 201808221)  [GCC 4.9.2]
Sun Oct  7 19:31:00 2018 - *** Python threads support is disabled. You can enable it with --enable-threads ***
Sun Oct  7 19:31:00 2018 - Python main interpreter initialized at 0x113b660
Sun Oct  7 19:31:00 2018 - your server socket listen backlog is limited to 100 connections
Sun Oct  7 19:31:00 2018 - your mercy for graceful operations on workers is 60 seconds
Sun Oct  7 19:31:00 2018 - mapped 218760 bytes (213 KB) for 2 cores
Sun Oct  7 19:31:00 2018 - *** Operational MODE: preforking ***
Sun Oct  7 19:31:00 2018 - WSGI app 0 (mountpoint='') ready in 0 seconds on interpreter 0x113b660 pid: 85 (default app)
Sun Oct  7 19:31:00 2018 - *** uWSGI is running in multiple interpreter mode ***
Sun Oct  7 19:31:00 2018 - gracefully (RE)spawned uWSGI master process (pid: 85)
Sun Oct  7 19:31:00 2018 - spawned uWSGI worker 1 (pid: 406, cores: 1)
Sun Oct  7 19:31:00 2018 - spawned uWSGI worker 2 (pid: 407, cores: 1)
Sun Oct  7 21:37:34 2018 - SIGINT/SIGQUIT received...killing workers...
Sun Oct  7 21:38:00 2018 - *** Starting uWSGI 2.0.17 (64bit) on [Sun Oct  7 21:38:00 2018] ***
Sun Oct  7 21:38:00 2018 - compiled with version: 4.9.2 on 22 August 2018 14:44:37
Sun Oct  7 21:38:00 2018 - os: Linux-4.9.99-paas-19432d5 #1 SMP PREEMPT Wed May 9 10:56:43 CEST 2018
Sun Oct  7 21:38:00 2018 - nodename: test-server
Sun Oct  7 21:38:00 2018 - machine: x86_64
Sun Oct  7 21:38:00 2018 - clock source: unix
Sun Oct  7 21:38:00 2018 - detected number of CPU cores: 48
Sun Oct  7 21:38:00 2018 - current working directory: /srv/data/home
Sun Oct  7 21:38:00 2018 - writing pidfile to /srv/run/uwsgi/uwsgi.pid
Sun Oct  7 21:38:00 2018 - detected binary path: /opt/uwsgi-2.0.17-201808221548/uwsgi
Sun Oct  7 21:38:00 2018 - !!! no internal routing support, rebuild with pcre support !!!
Sun Oct  7 21:38:00 2018 - chdir() to /srv/data/web/vhosts/default
Sun Oct  7 21:38:00 2018 - your processes number limit is 515256
Sun Oct  7 21:38:00 2018 - your memory page size is 4096 bytes
Sun Oct  7 21:38:00 2018 - detected max file descriptor number: 1024
Sun Oct  7 21:38:00 2018 - lock engine: pthread robust mutexes
Sun Oct  7 21:38:00 2018 - thunder lock: disabled (you can enable it with --thunder-lock)
Sun Oct  7 21:38:00 2018 - uwsgi socket 0 bound to UNIX address /run/uwsgi/uwsgi.sock fd 3
Sun Oct  7 21:38:00 2018 - uwsgi socket 1 bound to TCP address 127.0.0.1:8080 fd 4
Sun Oct  7 21:38:00 2018 - Python version: 2.7.12 (default, Aug 22 2018, 201808221)  [GCC 4.9.2]
Sun Oct  7 21:38:00 2018 - *** Python threads support is disabled. You can enable it with --enable-threads ***
Sun Oct  7 21:38:00 2018 - Python main interpreter initialized at 0x25fab20
Sun Oct  7 21:38:00 2018 - your server socket listen backlog is limited to 100 connections
Sun Oct  7 21:38:00 2018 - your mercy for graceful operations on workers is 60 seconds
Sun Oct  7 21:38:00 2018 - mapped 218760 bytes (213 KB) for 2 cores
Sun Oct  7 21:38:00 2018 - *** Operational MODE: preforking ***
Sun Oct  7 21:38:00 2018 - WSGI app 0 (mountpoint='') ready in 0 seconds on interpreter 0x25fab20 pid: 74 (default app)
Sun Oct  7 21:38:00 2018 - *** uWSGI is running in multiple interpreter mode ***
Sun Oct  7 21:38:00 2018 - spawned uWSGI master process (pid: 74)
Sun Oct  7 21:38:00 2018 - spawned uWSGI worker 1 (pid: 78, cores: 1)
Sun Oct  7 21:38:00 2018 - spawned uWSGI worker 2 (pid: 79, cores: 1)
